<?xml version="1.0" encoding="UTF-8"?>
<!-- Generated by org.testng.reporters.JUnitReportReporter -->
<testsuite skipped="0" hostname="Pradhu-PC" name="default1.PageTestClass" tests="1" failures="0" timestamp="06 Jun 2019 11:57:25 GMT" time="10.952" errors="0">
  <testcase name="DriverInit" time="10.952" classname="default1.PageTestClass"/>
</testsuite> <!-- default1.PageTestClass -->
